0 info it worked if it ends with ok
1 verbose cli [ 'C:\\Program Files\\nodejs\\node.exe',
1 verbose cli   'C:\\Program Files\\nodejs\\node_modules\\npm\\bin\\npm-cli.js',
1 verbose cli   'start',
1 verbose cli   '-f' ]
2 info using npm@3.10.10
3 info using node@v6.11.4
4 warn using --force I sure hope you know what you are doing.
5 verbose stack Error: ENOENT: no such file or directory, open 'C:\Users\Unknown\Dropbox\Seminarios\ponto 6\todo-app\fake frontend\package.json'
5 verbose stack     at Error (native)
6 verbose cwd C:\Users\Unknown\Dropbox\Seminarios\ponto 6\todo-app\fake frontend
7 error Windows_NT 10.0.16299
8 error argv "C:\\Program Files\\nodejs\\node.exe" "C:\\Program Files\\nodejs\\node_modules\\npm\\bin\\npm-cli.js" "start" "-f"
9 error node v6.11.4
10 error npm  v3.10.10
11 error path C:\Users\Unknown\Dropbox\Seminarios\ponto 6\todo-app\fake frontend\package.json
12 error code ENOENT
13 error errno -4058
14 error syscall open
15 error enoent ENOENT: no such file or directory, open 'C:\Users\Unknown\Dropbox\Seminarios\ponto 6\todo-app\fake frontend\package.json'
16 error enoent ENOENT: no such file or directory, open 'C:\Users\Unknown\Dropbox\Seminarios\ponto 6\todo-app\fake frontend\package.json'
16 error enoent This is most likely not a problem with npm itself
16 error enoent and is related to npm not being able to find a file.
17 verbose exit [ -4058, true ]
